10/4/2017 9:28:54 AM, Info: Initializing SIMPLSharp Services...
10/4/2017 9:28:54 AM, Info: ProjectInfo successfully initialized.
10/4/2017 12:12:47 PM, Info: Validating assembly D:\Clients\Skreens\SkreensLib\SkreensLib\bin\Debug\SkreensLib.dll...
10/4/2017 12:12:47 PM, Info: Verifying assembly D:\Clients\Skreens\SkreensLib\SkreensLib\bin\Debug\SkreensLib.dll
10/4/2017 12:12:48 PM, Info: Creating Archive D:\Clients\Skreens\SkreensLib\SkreensLib\bin\Debug\SkreensLib.clz...
10/4/2017 12:12:48 PM, Info: Saving project information...
10/4/2017 12:16:24 PM, Info: Validating assembly D:\Clients\Skreens\SkreensLib\SkreensLib\bin\Debug\SkreensLib.dll...
10/4/2017 12:16:25 PM, Info: Verifying assembly D:\Clients\Skreens\SkreensLib\SkreensLib\bin\Debug\SkreensLib.dll
10/4/2017 12:16:25 PM, Info: Creating Archive D:\Clients\Skreens\SkreensLib\SkreensLib\bin\Debug\SkreensLib.clz...
10/4/2017 12:16:25 PM, Info: Saving project information...
10/4/2017 12:27:16 PM, Info: Validating assembly D:\Clients\Skreens\SkreensLib\SkreensLib\bin\Debug\SkreensLib.dll...
10/4/2017 12:27:17 PM, Info: Verifying assembly D:\Clients\Skreens\SkreensLib\SkreensLib\bin\Debug\SkreensLib.dll
10/4/2017 12:27:17 PM, Info: Creating Archive D:\Clients\Skreens\SkreensLib\SkreensLib\bin\Debug\SkreensLib.clz...
10/4/2017 12:27:17 PM, Info: Saving project information...
10/4/2017 12:51:22 PM, Info: Validating assembly D:\Clients\Skreens\SkreensLib\SkreensLib\bin\Debug\SkreensLib.dll...
10/4/2017 12:51:22 PM, Info: Verifying assembly D:\Clients\Skreens\SkreensLib\SkreensLib\bin\Debug\SkreensLib.dll
10/4/2017 12:51:22 PM, Info: Creating Archive D:\Clients\Skreens\SkreensLib\SkreensLib\bin\Debug\SkreensLib.clz...
10/4/2017 12:51:22 PM, Info: Saving project information...
10/4/2017 12:58:27 PM, Info: Validating assembly D:\Clients\Skreens\SkreensLib\SkreensLib\bin\Debug\SkreensLib.dll...
10/4/2017 12:58:27 PM, Info: Verifying assembly D:\Clients\Skreens\SkreensLib\SkreensLib\bin\Debug\SkreensLib.dll
10/4/2017 12:58:27 PM, Info: Creating Archive D:\Clients\Skreens\SkreensLib\SkreensLib\bin\Debug\SkreensLib.clz...
10/4/2017 12:58:28 PM, Info: Saving project information...
10/4/2017 1:23:55 PM, Info: Validating assembly D:\Clients\Skreens\SkreensLib\SkreensLib\bin\Debug\SkreensLib.dll...
10/4/2017 1:23:55 PM, Info: Verifying assembly D:\Clients\Skreens\SkreensLib\SkreensLib\bin\Debug\SkreensLib.dll
10/4/2017 1:23:55 PM, Info: Creating Archive D:\Clients\Skreens\SkreensLib\SkreensLib\bin\Debug\SkreensLib.clz...
10/4/2017 1:23:55 PM, Info: Saving project information...
10/4/2017 1:46:03 PM, Info: Validating assembly D:\Clients\Skreens\SkreensLib\SkreensLib\bin\Debug\SkreensLib.dll...
10/4/2017 1:46:04 PM, Info: Verifying assembly D:\Clients\Skreens\SkreensLib\SkreensLib\bin\Debug\SkreensLib.dll
10/4/2017 1:46:04 PM, Info: Creating Archive D:\Clients\Skreens\SkreensLib\SkreensLib\bin\Debug\SkreensLib.clz...
10/4/2017 1:46:04 PM, Info: Saving project information...
10/4/2017 1:59:36 PM, Info: Validating assembly D:\Clients\Skreens\SkreensLib\SkreensLib\bin\Debug\SkreensLib.dll...
10/4/2017 1:59:36 PM, Info: Verifying assembly D:\Clients\Skreens\SkreensLib\SkreensLib\bin\Debug\SkreensLib.dll
10/4/2017 1:59:36 PM, Info: Creating Archive D:\Clients\Skreens\SkreensLib\SkreensLib\bin\Debug\SkreensLib.clz...
10/4/2017 1:59:37 PM, Info: Saving project information...
10/4/2017 2:14:37 PM, Info: Validating assembly D:\Clients\Skreens\SkreensLib\SkreensLib\bin\Debug\SkreensLib.dll...
10/4/2017 2:14:37 PM, Info: Verifying assembly D:\Clients\Skreens\SkreensLib\SkreensLib\bin\Debug\SkreensLib.dll
10/4/2017 2:14:37 PM, Info: Creating Archive D:\Clients\Skreens\SkreensLib\SkreensLib\bin\Debug\SkreensLib.clz...
10/4/2017 2:14:38 PM, Info: Saving project information...
10/4/2017 2:18:53 PM, Info: Validating assembly D:\Clients\Skreens\SkreensLib\SkreensLib\bin\Debug\SkreensLib.dll...
10/4/2017 2:18:53 PM, Info: Verifying assembly D:\Clients\Skreens\SkreensLib\SkreensLib\bin\Debug\SkreensLib.dll
10/4/2017 2:18:53 PM, Info: Creating Archive D:\Clients\Skreens\SkreensLib\SkreensLib\bin\Debug\SkreensLib.clz...
10/4/2017 2:18:53 PM, Info: Saving project information...
10/4/2017 2:22:35 PM, Info: Validating assembly D:\Clients\Skreens\SkreensLib\SkreensLib\bin\Debug\SkreensLib.dll...
10/4/2017 2:22:36 PM, Info: Verifying assembly D:\Clients\Skreens\SkreensLib\SkreensLib\bin\Debug\SkreensLib.dll
10/4/2017 2:22:36 PM, Info: Creating Archive D:\Clients\Skreens\SkreensLib\SkreensLib\bin\Debug\SkreensLib.clz...
10/4/2017 2:22:36 PM, Info: Saving project information...
10/4/2017 3:08:49 PM, Info: Terminating SIMPLSharp Services
