10/4/2017 3:41:31 PM, Info: Initializing SIMPLSharp Services...
10/4/2017 3:41:31 PM, Info: ProjectInfo successfully initialized.
10/4/2017 3:55:33 PM, Info: Validating assembly D:\Clients\Skreens\SkreensLib\SkreensLib\bin\Debug\SkreensLib.dll...
10/4/2017 3:55:33 PM, Info: Verifying assembly D:\Clients\Skreens\SkreensLib\SkreensLib\bin\Debug\SkreensLib.dll
10/4/2017 3:55:34 PM, Info: Creating Archive D:\Clients\Skreens\SkreensLib\SkreensLib\bin\Debug\SkreensLib.clz...
10/4/2017 3:55:34 PM, Info: Saving project information...
10/4/2017 5:04:23 PM, Info: Validating assembly D:\Clients\Skreens\SkreensLib\SkreensLib\bin\Debug\SkreensLib.dll...
10/4/2017 5:04:23 PM, Info: Verifying assembly D:\Clients\Skreens\SkreensLib\SkreensLib\bin\Debug\SkreensLib.dll
10/4/2017 5:04:23 PM, Info: Creating Archive D:\Clients\Skreens\SkreensLib\SkreensLib\bin\Debug\SkreensLib.clz...
10/4/2017 5:04:24 PM, Info: Saving project information...
10/4/2017 5:13:51 PM, Info: Validating assembly D:\Clients\Skreens\SkreensLib\SkreensLib\bin\Debug\SkreensLib.dll...
10/4/2017 5:13:51 PM, Info: Verifying assembly D:\Clients\Skreens\SkreensLib\SkreensLib\bin\Debug\SkreensLib.dll
10/4/2017 5:13:51 PM, Info: Creating Archive D:\Clients\Skreens\SkreensLib\SkreensLib\bin\Debug\SkreensLib.clz...
10/4/2017 5:13:52 PM, Info: Saving project information...
10/4/2017 8:49:57 PM, Info: Validating assembly D:\Clients\Skreens\SkreensLib\SkreensLib\bin\Debug\SkreensLib.dll...
10/4/2017 8:49:57 PM, Info: Verifying assembly D:\Clients\Skreens\SkreensLib\SkreensLib\bin\Debug\SkreensLib.dll
10/4/2017 8:49:57 PM, Info: Creating Archive D:\Clients\Skreens\SkreensLib\SkreensLib\bin\Debug\SkreensLib.clz...
10/4/2017 8:49:57 PM, Info: Saving project information...
10/4/2017 9:19:34 PM, Info: Validating assembly D:\Clients\Skreens\SkreensLib\SkreensLib\bin\Debug\SkreensLib.dll...
10/4/2017 9:19:35 PM, Info: Verifying assembly D:\Clients\Skreens\SkreensLib\SkreensLib\bin\Debug\SkreensLib.dll
10/4/2017 9:19:35 PM, Info: Creating Archive D:\Clients\Skreens\SkreensLib\SkreensLib\bin\Debug\SkreensLib.clz...
10/4/2017 9:19:35 PM, Info: Saving project information...
10/4/2017 9:58:45 PM, Info: Validating assembly D:\Clients\Skreens\SkreensLib\SkreensLib\bin\Debug\SkreensLib.dll...
10/4/2017 9:58:45 PM, Info: Verifying assembly D:\Clients\Skreens\SkreensLib\SkreensLib\bin\Debug\SkreensLib.dll
10/4/2017 9:58:45 PM, Info: Creating Archive D:\Clients\Skreens\SkreensLib\SkreensLib\bin\Debug\SkreensLib.clz...
10/4/2017 9:58:45 PM, Info: Saving project information...
10/4/2017 10:04:19 PM, Info: Validating assembly D:\Clients\Skreens\SkreensLib\SkreensLib\bin\Debug\SkreensLib.dll...
10/4/2017 10:04:19 PM, Info: Verifying assembly D:\Clients\Skreens\SkreensLib\SkreensLib\bin\Debug\SkreensLib.dll
10/4/2017 10:04:19 PM, Info: Creating Archive D:\Clients\Skreens\SkreensLib\SkreensLib\bin\Debug\SkreensLib.clz...
10/4/2017 10:04:19 PM, Info: Saving project information...
10/4/2017 10:05:26 PM, Info: Validating assembly D:\Clients\Skreens\SkreensLib\SkreensLib\bin\Debug\SkreensLib.dll...
10/4/2017 10:05:26 PM, Info: Verifying assembly D:\Clients\Skreens\SkreensLib\SkreensLib\bin\Debug\SkreensLib.dll
10/4/2017 10:05:26 PM, Info: Creating Archive D:\Clients\Skreens\SkreensLib\SkreensLib\bin\Debug\SkreensLib.clz...
10/4/2017 10:05:26 PM, Info: Saving project information...
10/4/2017 10:07:29 PM, Info: Validating assembly D:\Clients\Skreens\SkreensLib\SkreensLib\bin\Debug\SkreensLib.dll...
10/4/2017 10:07:29 PM, Info: Verifying assembly D:\Clients\Skreens\SkreensLib\SkreensLib\bin\Debug\SkreensLib.dll
10/4/2017 10:07:29 PM, Info: Creating Archive D:\Clients\Skreens\SkreensLib\SkreensLib\bin\Debug\SkreensLib.clz...
10/4/2017 10:07:29 PM, Info: Saving project information...
10/4/2017 10:28:59 PM, Info: Terminating SIMPLSharp Services
