9/28/2017 8:32:55 PM, Info: Initializing SIMPLSharp Services...
9/28/2017 8:32:55 PM, Info: ProjectInfo successfully initialized.
9/28/2017 8:43:36 PM, Info: Saving project information...
9/28/2017 8:43:36 PM, Info: Saving project information...
9/28/2017 8:43:36 PM, Info: Saving project information...
9/28/2017 8:43:36 PM, Info: Saving project information...
9/28/2017 8:43:36 PM, Info: Saving project information...
9/28/2017 8:43:36 PM, Info: Saving project information...
9/28/2017 8:43:39 PM, Info: Validating assembly D:\Clients\Skreens\SkreensLib\SkreensLib\bin\Debug\SkreensLib.dll...
9/28/2017 8:43:39 PM, Info: Verifying assembly D:\Clients\Skreens\SkreensLib\SkreensLib\bin\Debug\SkreensLib.dll
9/28/2017 8:43:39 PM, Info: Creating Archive D:\Clients\Skreens\SkreensLib\SkreensLib\bin\Debug\SkreensLib.clz...
9/28/2017 8:43:40 PM, Info: Saving project information...
9/28/2017 8:46:56 PM, Info: Validating assembly D:\Clients\Skreens\SkreensLib\SkreensLib\bin\Debug\SkreensLib.dll...
9/28/2017 8:46:56 PM, Info: Verifying assembly D:\Clients\Skreens\SkreensLib\SkreensLib\bin\Debug\SkreensLib.dll
9/28/2017 8:46:56 PM, Info: Creating Archive D:\Clients\Skreens\SkreensLib\SkreensLib\bin\Debug\SkreensLib.clz...
9/28/2017 8:46:56 PM, Info: Saving project information...
9/28/2017 8:54:57 PM, Info: Validating assembly D:\Clients\Skreens\SkreensLib\SkreensLib\bin\Debug\SkreensLib.dll...
9/28/2017 8:54:57 PM, Info: Verifying assembly D:\Clients\Skreens\SkreensLib\SkreensLib\bin\Debug\SkreensLib.dll
9/28/2017 8:54:57 PM, Info: Creating Archive D:\Clients\Skreens\SkreensLib\SkreensLib\bin\Debug\SkreensLib.clz...
9/28/2017 8:54:57 PM, Info: Saving project information...
9/28/2017 8:59:11 PM, Info: Validating assembly D:\Clients\Skreens\SkreensLib\SkreensLib\bin\Debug\SkreensLib.dll...
9/28/2017 8:59:11 PM, Info: Verifying assembly D:\Clients\Skreens\SkreensLib\SkreensLib\bin\Debug\SkreensLib.dll
9/28/2017 8:59:11 PM, Info: Creating Archive D:\Clients\Skreens\SkreensLib\SkreensLib\bin\Debug\SkreensLib.clz...
9/28/2017 8:59:11 PM, Info: Saving project information...
9/28/2017 9:18:00 PM, Info: Validating assembly D:\Clients\Skreens\SkreensLib\SkreensLib\bin\Debug\SkreensLib.dll...
9/28/2017 9:18:00 PM, Info: Verifying assembly D:\Clients\Skreens\SkreensLib\SkreensLib\bin\Debug\SkreensLib.dll
9/28/2017 9:18:00 PM, Info: Creating Archive D:\Clients\Skreens\SkreensLib\SkreensLib\bin\Debug\SkreensLib.clz...
9/28/2017 9:18:01 PM, Info: Saving project information...
9/28/2017 9:18:10 PM, Info: Validating assembly D:\Clients\Skreens\SkreensLib\SkreensLib\bin\Debug\SkreensLib.dll...
9/28/2017 9:18:10 PM, Info: Verifying assembly D:\Clients\Skreens\SkreensLib\SkreensLib\bin\Debug\SkreensLib.dll
9/28/2017 9:18:10 PM, Info: Creating Archive D:\Clients\Skreens\SkreensLib\SkreensLib\bin\Debug\SkreensLib.clz...
9/28/2017 9:18:11 PM, Info: Saving project information...
9/28/2017 9:23:25 PM, Info: Validating assembly D:\Clients\Skreens\SkreensLib\SkreensLib\bin\Debug\SkreensLib.dll...
9/28/2017 9:23:25 PM, Info: Verifying assembly D:\Clients\Skreens\SkreensLib\SkreensLib\bin\Debug\SkreensLib.dll
9/28/2017 9:23:25 PM, Info: Creating Archive D:\Clients\Skreens\SkreensLib\SkreensLib\bin\Debug\SkreensLib.clz...
9/28/2017 9:23:25 PM, Info: Saving project information...
9/28/2017 9:24:50 PM, Info: Validating assembly D:\Clients\Skreens\SkreensLib\SkreensLib\bin\Debug\SkreensLib.dll...
9/28/2017 9:24:50 PM, Info: Verifying assembly D:\Clients\Skreens\SkreensLib\SkreensLib\bin\Debug\SkreensLib.dll
9/28/2017 9:24:50 PM, Info: Creating Archive D:\Clients\Skreens\SkreensLib\SkreensLib\bin\Debug\SkreensLib.clz...
9/28/2017 9:24:50 PM, Info: Saving project information...
9/28/2017 9:35:45 PM, Info: Validating assembly D:\Clients\Skreens\SkreensLib\SkreensLib\bin\Debug\SkreensLib.dll...
9/28/2017 9:35:45 PM, Info: Verifying assembly D:\Clients\Skreens\SkreensLib\SkreensLib\bin\Debug\SkreensLib.dll
9/28/2017 9:35:45 PM, Info: Creating Archive D:\Clients\Skreens\SkreensLib\SkreensLib\bin\Debug\SkreensLib.clz...
9/28/2017 9:35:46 PM, Info: Saving project information...
9/28/2017 9:43:48 PM, Info: Validating assembly D:\Clients\Skreens\SkreensLib\SkreensLib\bin\Debug\SkreensLib.dll...
9/28/2017 9:43:48 PM, Info: Verifying assembly D:\Clients\Skreens\SkreensLib\SkreensLib\bin\Debug\SkreensLib.dll
9/28/2017 9:43:48 PM, Info: Creating Archive D:\Clients\Skreens\SkreensLib\SkreensLib\bin\Debug\SkreensLib.clz...
9/28/2017 9:43:49 PM, Info: Saving project information...
9/28/2017 9:46:04 PM, Info: Validating assembly D:\Clients\Skreens\SkreensLib\SkreensLib\bin\Debug\SkreensLib.dll...
9/28/2017 9:46:04 PM, Info: Verifying assembly D:\Clients\Skreens\SkreensLib\SkreensLib\bin\Debug\SkreensLib.dll
9/28/2017 9:46:04 PM, Info: Creating Archive D:\Clients\Skreens\SkreensLib\SkreensLib\bin\Debug\SkreensLib.clz...
9/28/2017 9:46:04 PM, Info: Saving project information...
9/28/2017 9:49:26 PM, Info: Validating assembly D:\Clients\Skreens\SkreensLib\SkreensLib\bin\Debug\SkreensLib.dll...
9/28/2017 9:49:26 PM, Info: Verifying assembly D:\Clients\Skreens\SkreensLib\SkreensLib\bin\Debug\SkreensLib.dll
9/28/2017 9:49:26 PM, Info: Creating Archive D:\Clients\Skreens\SkreensLib\SkreensLib\bin\Debug\SkreensLib.clz...
9/28/2017 9:49:26 PM, Info: Saving project information...
9/28/2017 9:55:11 PM, Info: Validating assembly D:\Clients\Skreens\SkreensLib\SkreensLib\bin\Debug\SkreensLib.dll...
9/28/2017 9:55:11 PM, Info: Verifying assembly D:\Clients\Skreens\SkreensLib\SkreensLib\bin\Debug\SkreensLib.dll
9/28/2017 9:55:11 PM, Info: Creating Archive D:\Clients\Skreens\SkreensLib\SkreensLib\bin\Debug\SkreensLib.clz...
9/28/2017 9:55:11 PM, Info: Saving project information...
9/28/2017 9:56:35 PM, Info: Validating assembly D:\Clients\Skreens\SkreensLib\SkreensLib\bin\Debug\SkreensLib.dll...
9/28/2017 9:56:35 PM, Info: Verifying assembly D:\Clients\Skreens\SkreensLib\SkreensLib\bin\Debug\SkreensLib.dll
9/28/2017 9:56:35 PM, Info: Creating Archive D:\Clients\Skreens\SkreensLib\SkreensLib\bin\Debug\SkreensLib.clz...
9/28/2017 9:56:36 PM, Info: Saving project information...
9/28/2017 9:58:29 PM, Info: Validating assembly D:\Clients\Skreens\SkreensLib\SkreensLib\bin\Debug\SkreensLib.dll...
9/28/2017 9:58:29 PM, Info: Verifying assembly D:\Clients\Skreens\SkreensLib\SkreensLib\bin\Debug\SkreensLib.dll
9/28/2017 9:58:29 PM, Info: Creating Archive D:\Clients\Skreens\SkreensLib\SkreensLib\bin\Debug\SkreensLib.clz...
9/28/2017 9:58:29 PM, Info: Saving project information...
9/28/2017 10:02:15 PM, Info: Validating assembly D:\Clients\Skreens\SkreensLib\SkreensLib\bin\Debug\SkreensLib.dll...
9/28/2017 10:02:15 PM, Info: Verifying assembly D:\Clients\Skreens\SkreensLib\SkreensLib\bin\Debug\SkreensLib.dll
9/28/2017 10:02:15 PM, Info: Creating Archive D:\Clients\Skreens\SkreensLib\SkreensLib\bin\Debug\SkreensLib.clz...
9/28/2017 10:02:16 PM, Info: Saving project information...
9/28/2017 10:17:14 PM, Info: Validating assembly D:\Clients\Skreens\SkreensLib\SkreensLib\bin\Debug\SkreensLib.dll...
9/28/2017 10:17:14 PM, Info: Verifying assembly D:\Clients\Skreens\SkreensLib\SkreensLib\bin\Debug\SkreensLib.dll
9/28/2017 10:17:14 PM, Info: Creating Archive D:\Clients\Skreens\SkreensLib\SkreensLib\bin\Debug\SkreensLib.clz...
9/28/2017 10:17:14 PM, Info: Saving project information...
9/28/2017 10:26:38 PM, Info: Validating assembly D:\Clients\Skreens\SkreensLib\SkreensLib\bin\Debug\SkreensLib.dll...
9/28/2017 10:26:38 PM, Info: Verifying assembly D:\Clients\Skreens\SkreensLib\SkreensLib\bin\Debug\SkreensLib.dll
9/28/2017 10:26:38 PM, Info: Creating Archive D:\Clients\Skreens\SkreensLib\SkreensLib\bin\Debug\SkreensLib.clz...
9/28/2017 10:26:38 PM, Info: Saving project information...
9/28/2017 10:35:12 PM, Info: Validating assembly D:\Clients\Skreens\SkreensLib\SkreensLib\bin\Debug\SkreensLib.dll...
9/28/2017 10:35:12 PM, Info: Verifying assembly D:\Clients\Skreens\SkreensLib\SkreensLib\bin\Debug\SkreensLib.dll
9/28/2017 10:35:12 PM, Info: Creating Archive D:\Clients\Skreens\SkreensLib\SkreensLib\bin\Debug\SkreensLib.clz...
9/28/2017 10:35:12 PM, Info: Saving project information...
9/28/2017 10:35:25 PM, Info: Validating assembly D:\Clients\Skreens\SkreensLib\SkreensLib\bin\Debug\SkreensLib.dll...
9/28/2017 10:35:25 PM, Info: Verifying assembly D:\Clients\Skreens\SkreensLib\SkreensLib\bin\Debug\SkreensLib.dll
9/28/2017 10:35:25 PM, Info: Creating Archive D:\Clients\Skreens\SkreensLib\SkreensLib\bin\Debug\SkreensLib.clz...
9/28/2017 10:35:26 PM, Info: Saving project information...
9/28/2017 10:41:44 PM, Info: Validating assembly D:\Clients\Skreens\SkreensLib\SkreensLib\bin\Debug\SkreensLib.dll...
9/28/2017 10:41:45 PM, Info: Verifying assembly D:\Clients\Skreens\SkreensLib\SkreensLib\bin\Debug\SkreensLib.dll
9/28/2017 10:41:45 PM, Info: Creating Archive D:\Clients\Skreens\SkreensLib\SkreensLib\bin\Debug\SkreensLib.clz...
9/28/2017 10:41:45 PM, Info: Saving project information...
9/28/2017 10:44:29 PM, Info: Validating assembly D:\Clients\Skreens\SkreensLib\SkreensLib\bin\Debug\SkreensLib.dll...
9/28/2017 10:44:29 PM, Info: Verifying assembly D:\Clients\Skreens\SkreensLib\SkreensLib\bin\Debug\SkreensLib.dll
9/28/2017 10:44:30 PM, Info: Creating Archive D:\Clients\Skreens\SkreensLib\SkreensLib\bin\Debug\SkreensLib.clz...
9/28/2017 10:44:30 PM, Info: Saving project information...
9/28/2017 10:46:50 PM, Info: Validating assembly D:\Clients\Skreens\SkreensLib\SkreensLib\bin\Debug\SkreensLib.dll...
9/28/2017 10:46:50 PM, Info: Verifying assembly D:\Clients\Skreens\SkreensLib\SkreensLib\bin\Debug\SkreensLib.dll
9/28/2017 10:46:50 PM, Info: Creating Archive D:\Clients\Skreens\SkreensLib\SkreensLib\bin\Debug\SkreensLib.clz...
9/28/2017 10:46:50 PM, Info: Saving project information...
9/28/2017 10:49:16 PM, Info: Validating assembly D:\Clients\Skreens\SkreensLib\SkreensLib\bin\Debug\SkreensLib.dll...
9/28/2017 10:49:16 PM, Info: Verifying assembly D:\Clients\Skreens\SkreensLib\SkreensLib\bin\Debug\SkreensLib.dll
9/28/2017 10:49:16 PM, Info: Creating Archive D:\Clients\Skreens\SkreensLib\SkreensLib\bin\Debug\SkreensLib.clz...
9/28/2017 10:49:16 PM, Info: Saving project information...
9/28/2017 10:56:47 PM, Info: Validating assembly D:\Clients\Skreens\SkreensLib\SkreensLib\bin\Debug\SkreensLib.dll...
9/28/2017 10:56:48 PM, Info: Verifying assembly D:\Clients\Skreens\SkreensLib\SkreensLib\bin\Debug\SkreensLib.dll
9/28/2017 10:56:48 PM, Info: Creating Archive D:\Clients\Skreens\SkreensLib\SkreensLib\bin\Debug\SkreensLib.clz...
9/28/2017 10:56:48 PM, Info: Saving project information...
9/28/2017 10:58:59 PM, Info: Validating assembly D:\Clients\Skreens\SkreensLib\SkreensLib\bin\Debug\SkreensLib.dll...
9/28/2017 10:58:59 PM, Info: Verifying assembly D:\Clients\Skreens\SkreensLib\SkreensLib\bin\Debug\SkreensLib.dll
9/28/2017 10:58:59 PM, Info: Creating Archive D:\Clients\Skreens\SkreensLib\SkreensLib\bin\Debug\SkreensLib.clz...
9/28/2017 10:58:59 PM, Info: Saving project information...
9/28/2017 11:04:40 PM, Info: Validating assembly D:\Clients\Skreens\SkreensLib\SkreensLib\bin\Debug\SkreensLib.dll...
9/28/2017 11:04:40 PM, Info: Verifying assembly D:\Clients\Skreens\SkreensLib\SkreensLib\bin\Debug\SkreensLib.dll
9/28/2017 11:04:41 PM, Info: Creating Archive D:\Clients\Skreens\SkreensLib\SkreensLib\bin\Debug\SkreensLib.clz...
9/28/2017 11:04:41 PM, Info: Saving project information...
9/28/2017 11:05:42 PM, Info: Validating assembly D:\Clients\Skreens\SkreensLib\SkreensLib\bin\Debug\SkreensLib.dll...
9/28/2017 11:05:42 PM, Info: Verifying assembly D:\Clients\Skreens\SkreensLib\SkreensLib\bin\Debug\SkreensLib.dll
9/28/2017 11:05:42 PM, Info: Creating Archive D:\Clients\Skreens\SkreensLib\SkreensLib\bin\Debug\SkreensLib.clz...
9/28/2017 11:05:43 PM, Info: Saving project information...
9/28/2017 11:12:01 PM, Info: Validating assembly D:\Clients\Skreens\SkreensLib\SkreensLib\bin\Debug\SkreensLib.dll...
9/28/2017 11:12:01 PM, Info: Verifying assembly D:\Clients\Skreens\SkreensLib\SkreensLib\bin\Debug\SkreensLib.dll
9/28/2017 11:12:01 PM, Info: Creating Archive D:\Clients\Skreens\SkreensLib\SkreensLib\bin\Debug\SkreensLib.clz...
9/28/2017 11:12:01 PM, Info: Saving project information...
9/28/2017 11:23:17 PM, Info: Validating assembly D:\Clients\Skreens\SkreensLib\SkreensLib\bin\Debug\SkreensLib.dll...
9/28/2017 11:23:17 PM, Info: Verifying assembly D:\Clients\Skreens\SkreensLib\SkreensLib\bin\Debug\SkreensLib.dll
9/28/2017 11:23:17 PM, Info: Creating Archive D:\Clients\Skreens\SkreensLib\SkreensLib\bin\Debug\SkreensLib.clz...
9/28/2017 11:23:18 PM, Info: Saving project information...
9/28/2017 11:25:42 PM, Info: Validating assembly D:\Clients\Skreens\SkreensLib\SkreensLib\bin\Debug\SkreensLib.dll...
9/28/2017 11:25:43 PM, Info: Verifying assembly D:\Clients\Skreens\SkreensLib\SkreensLib\bin\Debug\SkreensLib.dll
9/28/2017 11:25:43 PM, Info: Creating Archive D:\Clients\Skreens\SkreensLib\SkreensLib\bin\Debug\SkreensLib.clz...
9/28/2017 11:25:43 PM, Info: Saving project information...
9/28/2017 11:29:20 PM, Info: Validating assembly D:\Clients\Skreens\SkreensLib\SkreensLib\bin\Debug\SkreensLib.dll...
9/28/2017 11:29:20 PM, Info: Verifying assembly D:\Clients\Skreens\SkreensLib\SkreensLib\bin\Debug\SkreensLib.dll
9/28/2017 11:29:20 PM, Info: Creating Archive D:\Clients\Skreens\SkreensLib\SkreensLib\bin\Debug\SkreensLib.clz...
9/28/2017 11:29:21 PM, Info: Saving project information...
9/28/2017 11:32:28 PM, Info: Validating assembly D:\Clients\Skreens\SkreensLib\SkreensLib\bin\Debug\SkreensLib.dll...
9/28/2017 11:32:28 PM, Info: Verifying assembly D:\Clients\Skreens\SkreensLib\SkreensLib\bin\Debug\SkreensLib.dll
9/28/2017 11:32:28 PM, Info: Creating Archive D:\Clients\Skreens\SkreensLib\SkreensLib\bin\Debug\SkreensLib.clz...
9/28/2017 11:32:29 PM, Info: Saving project information...
9/29/2017 12:11:06 AM, Info: Terminating SIMPLSharp Services
