10/1/2017 1:25:32 PM, Info: Initializing SIMPLSharp Services...
10/1/2017 1:25:33 PM, Info: ProjectInfo successfully initialized.
10/1/2017 1:25:45 PM, Info: Validating assembly D:\Clients\Skreens\SkreensLib\SkreensLib\bin\Debug\SkreensLib.dll...
10/1/2017 1:25:45 PM, Info: Verifying assembly D:\Clients\Skreens\SkreensLib\SkreensLib\bin\Debug\SkreensLib.dll
10/1/2017 1:25:46 PM, Info: Creating Archive D:\Clients\Skreens\SkreensLib\SkreensLib\bin\Debug\SkreensLib.clz...
10/1/2017 1:25:46 PM, Info: Saving project information...
10/1/2017 1:41:15 PM, Info: Validating assembly D:\Clients\Skreens\SkreensLib\SkreensLib\bin\Debug\SkreensLib.dll...
10/1/2017 1:41:15 PM, Info: Verifying assembly D:\Clients\Skreens\SkreensLib\SkreensLib\bin\Debug\SkreensLib.dll
10/1/2017 1:41:15 PM, Info: Creating Archive D:\Clients\Skreens\SkreensLib\SkreensLib\bin\Debug\SkreensLib.clz...
10/1/2017 1:41:16 PM, Info: Saving project information...
10/1/2017 1:59:11 PM, Info: Validating assembly D:\Clients\Skreens\SkreensLib\SkreensLib\bin\Debug\SkreensLib.dll...
10/1/2017 1:59:11 PM, Info: Verifying assembly D:\Clients\Skreens\SkreensLib\SkreensLib\bin\Debug\SkreensLib.dll
10/1/2017 1:59:11 PM, Info: Creating Archive D:\Clients\Skreens\SkreensLib\SkreensLib\bin\Debug\SkreensLib.clz...
10/1/2017 1:59:11 PM, Info: Saving project information...
10/1/2017 3:54:26 PM, Info: Validating assembly D:\Clients\Skreens\SkreensLib\SkreensLib\bin\Debug\SkreensLib.dll...
10/1/2017 3:54:26 PM, Info: Verifying assembly D:\Clients\Skreens\SkreensLib\SkreensLib\bin\Debug\SkreensLib.dll
10/1/2017 3:54:27 PM, Info: Creating Archive D:\Clients\Skreens\SkreensLib\SkreensLib\bin\Debug\SkreensLib.clz...
10/1/2017 3:54:27 PM, Info: Saving project information...
10/1/2017 4:05:40 PM, Info: Validating assembly D:\Clients\Skreens\SkreensLib\SkreensLib\bin\Debug\SkreensLib.dll...
10/1/2017 4:05:40 PM, Info: Verifying assembly D:\Clients\Skreens\SkreensLib\SkreensLib\bin\Debug\SkreensLib.dll
10/1/2017 4:05:40 PM, Info: Creating Archive D:\Clients\Skreens\SkreensLib\SkreensLib\bin\Debug\SkreensLib.clz...
10/1/2017 4:05:40 PM, Info: Saving project information...
10/1/2017 4:06:26 PM, Info: Validating assembly D:\Clients\Skreens\SkreensLib\SkreensLib\bin\Debug\SkreensLib.dll...
10/1/2017 4:06:26 PM, Info: Verifying assembly D:\Clients\Skreens\SkreensLib\SkreensLib\bin\Debug\SkreensLib.dll
10/1/2017 4:06:27 PM, Info: Creating Archive D:\Clients\Skreens\SkreensLib\SkreensLib\bin\Debug\SkreensLib.clz...
10/1/2017 4:06:27 PM, Info: Saving project information...
10/1/2017 4:23:30 PM, Info: Validating assembly D:\Clients\Skreens\SkreensLib\SkreensLib\bin\Debug\SkreensLib.dll...
10/1/2017 4:23:30 PM, Info: Verifying assembly D:\Clients\Skreens\SkreensLib\SkreensLib\bin\Debug\SkreensLib.dll
10/1/2017 4:23:30 PM, Info: Creating Archive D:\Clients\Skreens\SkreensLib\SkreensLib\bin\Debug\SkreensLib.clz...
10/1/2017 4:23:30 PM, Info: Saving project information...
10/1/2017 4:42:20 PM, Info: Validating assembly D:\Clients\Skreens\SkreensLib\SkreensLib\bin\Debug\SkreensLib.dll...
10/1/2017 4:42:20 PM, Info: Verifying assembly D:\Clients\Skreens\SkreensLib\SkreensLib\bin\Debug\SkreensLib.dll
10/1/2017 4:42:20 PM, Info: Creating Archive D:\Clients\Skreens\SkreensLib\SkreensLib\bin\Debug\SkreensLib.clz...
10/1/2017 4:42:20 PM, Info: Saving project information...
10/1/2017 5:18:53 PM, Info: Validating assembly D:\Clients\Skreens\SkreensLib\SkreensLib\bin\Debug\SkreensLib.dll...
10/1/2017 5:18:53 PM, Info: Verifying assembly D:\Clients\Skreens\SkreensLib\SkreensLib\bin\Debug\SkreensLib.dll
10/1/2017 5:18:53 PM, Info: Creating Archive D:\Clients\Skreens\SkreensLib\SkreensLib\bin\Debug\SkreensLib.clz...
10/1/2017 5:18:53 PM, Info: Saving project information...
10/1/2017 7:15:15 PM, Info: Initializing SIMPLSharp Services...
10/1/2017 7:15:15 PM, Info: ProjectInfo successfully initialized.
10/1/2017 7:15:25 PM, Info: Saving project information...
10/1/2017 7:15:25 PM, Info: Saving project information...
10/1/2017 7:15:25 PM, Info: Saving project information...
10/1/2017 7:20:25 PM, Info: Saving project information...
10/1/2017 7:20:25 PM, Info: Saving project information...
10/1/2017 7:20:25 PM, Info: Saving project information...
10/1/2017 7:25:25 PM, Info: Saving project information...
10/1/2017 7:25:25 PM, Info: Saving project information...
10/1/2017 7:25:25 PM, Info: Saving project information...
10/1/2017 7:30:25 PM, Info: Saving project information...
10/1/2017 7:30:25 PM, Info: Saving project information...
10/1/2017 7:30:25 PM, Info: Saving project information...
10/1/2017 7:35:25 PM, Info: Saving project information...
10/1/2017 7:35:25 PM, Info: Saving project information...
10/1/2017 7:35:25 PM, Info: Saving project information...
10/1/2017 7:40:25 PM, Info: Saving project information...
10/1/2017 7:40:25 PM, Info: Saving project information...
10/1/2017 7:40:25 PM, Info: Saving project information...
10/1/2017 7:45:25 PM, Info: Saving project information...
10/1/2017 7:45:25 PM, Info: Saving project information...
10/1/2017 7:45:25 PM, Info: Saving project information...
10/1/2017 7:50:25 PM, Info: Saving project information...
10/1/2017 7:50:25 PM, Info: Saving project information...
10/1/2017 7:50:25 PM, Info: Saving project information...
10/1/2017 7:55:25 PM, Info: Saving project information...
10/1/2017 7:55:25 PM, Info: Saving project information...
10/1/2017 7:55:25 PM, Info: Saving project information...
10/1/2017 8:00:25 PM, Info: Saving project information...
10/1/2017 8:00:25 PM, Info: Saving project information...
10/1/2017 8:00:25 PM, Info: Saving project information...
10/1/2017 8:05:25 PM, Info: Saving project information...
10/1/2017 8:05:25 PM, Info: Saving project information...
10/1/2017 8:05:25 PM, Info: Saving project information...
10/1/2017 8:10:25 PM, Info: Saving project information...
10/1/2017 8:10:25 PM, Info: Saving project information...
10/1/2017 8:10:25 PM, Info: Saving project information...
10/1/2017 8:15:25 PM, Info: Saving project information...
10/1/2017 8:15:25 PM, Info: Saving project information...
10/1/2017 8:15:25 PM, Info: Saving project information...
10/1/2017 8:20:25 PM, Info: Saving project information...
10/1/2017 8:20:25 PM, Info: Saving project information...
10/1/2017 8:20:25 PM, Info: Saving project information...
10/1/2017 8:25:25 PM, Info: Saving project information...
10/1/2017 8:25:25 PM, Info: Saving project information...
10/1/2017 8:25:25 PM, Info: Saving project information...
10/1/2017 8:30:25 PM, Info: Saving project information...
10/1/2017 8:30:25 PM, Info: Saving project information...
10/1/2017 8:30:25 PM, Info: Saving project information...
10/1/2017 8:35:25 PM, Info: Saving project information...
10/1/2017 8:35:25 PM, Info: Saving project information...
10/1/2017 8:35:25 PM, Info: Saving project information...
10/1/2017 8:40:25 PM, Info: Saving project information...
10/1/2017 8:40:25 PM, Info: Saving project information...
10/1/2017 8:40:25 PM, Info: Saving project information...
10/1/2017 8:45:25 PM, Info: Saving project information...
10/1/2017 8:45:25 PM, Info: Saving project information...
10/1/2017 8:45:25 PM, Info: Saving project information...
10/1/2017 8:50:25 PM, Info: Saving project information...
10/1/2017 8:50:25 PM, Info: Saving project information...
10/1/2017 8:50:25 PM, Info: Saving project information...
10/1/2017 8:55:25 PM, Info: Saving project information...
10/1/2017 8:55:25 PM, Info: Saving project information...
10/1/2017 8:55:25 PM, Info: Saving project information...
10/1/2017 9:00:25 PM, Info: Saving project information...
10/1/2017 9:00:25 PM, Info: Saving project information...
10/1/2017 9:00:25 PM, Info: Saving project information...
10/1/2017 9:03:13 PM, Info: Saving project information...
10/1/2017 9:03:13 PM, Info: Saving project information...
10/1/2017 9:03:13 PM, Info: Saving project information...
10/1/2017 9:03:13 PM, Info: Saving project information...
10/1/2017 9:03:13 PM, Info: Saving project information...
10/1/2017 9:03:13 PM, Info: Saving project information...
10/1/2017 10:01:19 PM, Info: Terminating SIMPLSharp Services
10/1/2017 10:01:19 PM, Info: Saving project information...
10/1/2017 10:01:19 PM, Info: Terminating SIMPLSharp Services
