9/27/2017 8:13:32 PM, Info: Initializing SIMPLSharp Services...
9/27/2017 8:13:32 PM, Info: ProjectInfo successfully initialized.
9/27/2017 8:13:33 PM, Info: Saving project information...
9/27/2017 8:13:33 PM, Info: Saving project information...
9/27/2017 8:13:33 PM, Info: Saving project information...
9/27/2017 8:13:33 PM, Info: Saving project information...
9/27/2017 8:13:33 PM, Info: Saving project information...
9/27/2017 8:13:33 PM, Info: Saving project information...
9/27/2017 8:22:32 PM, Info: Saving project information...
9/27/2017 8:22:32 PM, Info: Saving project information...
9/27/2017 8:22:32 PM, Info: Saving project information...
9/27/2017 8:22:32 PM, Info: Saving project information...
9/27/2017 8:22:32 PM, Info: Saving project information...
9/27/2017 8:22:32 PM, Info: Saving project information...
9/27/2017 8:27:56 PM, Info: Validating assembly D:\Clients\Skreens\SkreensLib\SkreensLib\bin\Debug\SkreensLib.dll...
9/27/2017 8:27:56 PM, Info: Verifying assembly D:\Clients\Skreens\SkreensLib\SkreensLib\bin\Debug\SkreensLib.dll
9/27/2017 8:27:57 PM, Info: Creating Archive D:\Clients\Skreens\SkreensLib\SkreensLib\bin\Debug\SkreensLib.clz...
9/27/2017 8:27:57 PM, Info: Saving project information...
9/27/2017 8:30:09 PM, Info: Validating assembly D:\Clients\Skreens\SkreensLib\SkreensLib\bin\Debug\SkreensLib.dll...
9/27/2017 8:30:09 PM, Info: Verifying assembly D:\Clients\Skreens\SkreensLib\SkreensLib\bin\Debug\SkreensLib.dll
9/27/2017 8:30:09 PM, Info: Creating Archive D:\Clients\Skreens\SkreensLib\SkreensLib\bin\Debug\SkreensLib.clz...
9/27/2017 8:30:09 PM, Info: Saving project information...
9/27/2017 9:01:30 PM, Info: Validating assembly D:\Clients\Skreens\SkreensLib\SkreensLib\bin\Debug\SkreensLib.dll...
9/27/2017 9:01:30 PM, Info: Verifying assembly D:\Clients\Skreens\SkreensLib\SkreensLib\bin\Debug\SkreensLib.dll
9/27/2017 9:01:30 PM, Info: Creating Archive D:\Clients\Skreens\SkreensLib\SkreensLib\bin\Debug\SkreensLib.clz...
9/27/2017 9:01:30 PM, Info: Saving project information...
9/27/2017 9:05:49 PM, Info: Validating assembly D:\Clients\Skreens\SkreensLib\SkreensLib\bin\Debug\SkreensLib.dll...
9/27/2017 9:05:49 PM, Info: Verifying assembly D:\Clients\Skreens\SkreensLib\SkreensLib\bin\Debug\SkreensLib.dll
9/27/2017 9:05:49 PM, Info: Creating Archive D:\Clients\Skreens\SkreensLib\SkreensLib\bin\Debug\SkreensLib.clz...
9/27/2017 9:05:50 PM, Info: Saving project information...
9/27/2017 9:06:53 PM, Info: Validating assembly D:\Clients\Skreens\SkreensLib\SkreensLib\bin\Debug\SkreensLib.dll...
9/27/2017 9:06:53 PM, Info: Verifying assembly D:\Clients\Skreens\SkreensLib\SkreensLib\bin\Debug\SkreensLib.dll
9/27/2017 9:06:53 PM, Info: Creating Archive D:\Clients\Skreens\SkreensLib\SkreensLib\bin\Debug\SkreensLib.clz...
9/27/2017 9:06:54 PM, Info: Saving project information...
9/27/2017 9:12:01 PM, Info: Validating assembly D:\Clients\Skreens\SkreensLib\SkreensLib\bin\Debug\SkreensLib.dll...
9/27/2017 9:12:01 PM, Info: Verifying assembly D:\Clients\Skreens\SkreensLib\SkreensLib\bin\Debug\SkreensLib.dll
9/27/2017 9:12:01 PM, Info: Creating Archive D:\Clients\Skreens\SkreensLib\SkreensLib\bin\Debug\SkreensLib.clz...
9/27/2017 9:12:02 PM, Info: Saving project information...
9/27/2017 9:20:23 PM, Info: Validating assembly D:\Clients\Skreens\SkreensLib\SkreensLib\bin\Debug\SkreensLib.dll...
9/27/2017 9:20:23 PM, Info: Verifying assembly D:\Clients\Skreens\SkreensLib\SkreensLib\bin\Debug\SkreensLib.dll
9/27/2017 9:20:23 PM, Info: Creating Archive D:\Clients\Skreens\SkreensLib\SkreensLib\bin\Debug\SkreensLib.clz...
9/27/2017 9:20:23 PM, Info: Saving project information...
9/27/2017 9:21:13 PM, Info: Validating assembly D:\Clients\Skreens\SkreensLib\SkreensLib\bin\Debug\SkreensLib.dll...
9/27/2017 9:21:13 PM, Info: Verifying assembly D:\Clients\Skreens\SkreensLib\SkreensLib\bin\Debug\SkreensLib.dll
9/27/2017 9:21:13 PM, Info: Creating Archive D:\Clients\Skreens\SkreensLib\SkreensLib\bin\Debug\SkreensLib.clz...
9/27/2017 9:21:14 PM, Info: Saving project information...
9/27/2017 9:40:41 PM, Info: Validating assembly D:\Clients\Skreens\SkreensLib\SkreensLib\bin\Debug\SkreensLib.dll...
9/27/2017 9:40:42 PM, Info: Verifying assembly D:\Clients\Skreens\SkreensLib\SkreensLib\bin\Debug\SkreensLib.dll
9/27/2017 9:40:42 PM, Info: Creating Archive D:\Clients\Skreens\SkreensLib\SkreensLib\bin\Debug\SkreensLib.clz...
9/27/2017 9:40:42 PM, Info: Saving project information...
9/27/2017 9:52:25 PM, Info: Validating assembly D:\Clients\Skreens\SkreensLib\SkreensLib\bin\Debug\SkreensLib.dll...
9/27/2017 9:52:25 PM, Info: Verifying assembly D:\Clients\Skreens\SkreensLib\SkreensLib\bin\Debug\SkreensLib.dll
9/27/2017 9:52:25 PM, Info: Creating Archive D:\Clients\Skreens\SkreensLib\SkreensLib\bin\Debug\SkreensLib.clz...
9/27/2017 9:52:25 PM, Info: Saving project information...
9/27/2017 10:18:25 PM, Info: Validating assembly D:\Clients\Skreens\SkreensLib\SkreensLib\bin\Debug\SkreensLib.dll...
9/27/2017 10:18:25 PM, Info: Verifying assembly D:\Clients\Skreens\SkreensLib\SkreensLib\bin\Debug\SkreensLib.dll
9/27/2017 10:18:25 PM, Info: Creating Archive D:\Clients\Skreens\SkreensLib\SkreensLib\bin\Debug\SkreensLib.clz...
9/27/2017 10:18:25 PM, Info: Saving project information...
9/27/2017 10:32:39 PM, Info: Validating assembly D:\Clients\Skreens\SkreensLib\SkreensLib\bin\Debug\SkreensLib.dll...
9/27/2017 10:32:39 PM, Info: Verifying assembly D:\Clients\Skreens\SkreensLib\SkreensLib\bin\Debug\SkreensLib.dll
9/27/2017 10:32:39 PM, Info: Creating Archive D:\Clients\Skreens\SkreensLib\SkreensLib\bin\Debug\SkreensLib.clz...
9/27/2017 10:32:39 PM, Info: Saving project information...
9/27/2017 10:35:19 PM, Info: Validating assembly D:\Clients\Skreens\SkreensLib\SkreensLib\bin\Debug\SkreensLib.dll...
9/27/2017 10:35:19 PM, Info: Verifying assembly D:\Clients\Skreens\SkreensLib\SkreensLib\bin\Debug\SkreensLib.dll
9/27/2017 10:35:19 PM, Info: Creating Archive D:\Clients\Skreens\SkreensLib\SkreensLib\bin\Debug\SkreensLib.clz...
9/27/2017 10:35:19 PM, Info: Saving project information...
9/27/2017 10:40:26 PM, Info: Validating assembly D:\Clients\Skreens\SkreensLib\SkreensLib\bin\Debug\SkreensLib.dll...
9/27/2017 10:40:26 PM, Info: Verifying assembly D:\Clients\Skreens\SkreensLib\SkreensLib\bin\Debug\SkreensLib.dll
9/27/2017 10:40:26 PM, Info: Creating Archive D:\Clients\Skreens\SkreensLib\SkreensLib\bin\Debug\SkreensLib.clz...
9/27/2017 10:40:27 PM, Info: Saving project information...
9/27/2017 10:42:51 PM, Info: Validating assembly D:\Clients\Skreens\SkreensLib\SkreensLib\bin\Debug\SkreensLib.dll...
9/27/2017 10:42:51 PM, Info: Verifying assembly D:\Clients\Skreens\SkreensLib\SkreensLib\bin\Debug\SkreensLib.dll
9/27/2017 10:42:51 PM, Info: Creating Archive D:\Clients\Skreens\SkreensLib\SkreensLib\bin\Debug\SkreensLib.clz...
9/27/2017 10:42:52 PM, Info: Saving project information...
9/27/2017 11:14:47 PM, Info: Terminating SIMPLSharp Services
